#! /c/Source/iverilog-install/bin/vvp
:ivl_version "12.0 (devel)" "(s20150603-1110-g18392a46)";
:ivl_delay_selection "TYPICAL";
:vpi_time_precision + 0;
:vpi_module "G:\icarius\iverilog\lib\ivl\system.vpi";
:vpi_module "G:\icarius\iverilog\lib\ivl\vhdl_sys.vpi";
:vpi_module "G:\icarius\iverilog\lib\ivl\vhdl_textio.vpi";
:vpi_module "G:\icarius\iverilog\lib\ivl\v2005_math.vpi";
:vpi_module "G:\icarius\iverilog\lib\ivl\va_math.vpi";
S_000001bd981564e0 .scope module, "Data_Bus_Buffer" "Data_Bus_Buffer" 2 8;
 .timescale 0 0;
    .port_info 0 /INOUT 8 "data_in";
    .port_info 1 /INOUT 8 "internal_bus";
    .port_info 2 /OUTPUT 1 "ICW_1";
    .port_info 3 /OUTPUT 1 "ICW_2";
    .port_info 4 /OUTPUT 1 "ICW_4";
    .port_info 5 /OUTPUT 1 "OCW_1";
    .port_info 6 /OUTPUT 1 "OCW_2";
    .port_info 7 /OUTPUT 1 "OCW_3";
o000001bd981a68d8 .functor BUFZ 1, C4<z>; HiZ drive
v000001bd98156670_0 .net "ICW_1", 0 0, o000001bd981a68d8;  0 drivers
o000001bd981a6908 .functor BUFZ 1, C4<z>; HiZ drive
v000001bd98156710_0 .net "ICW_2", 0 0, o000001bd981a6908;  0 drivers
o000001bd981a6938 .functor BUFZ 1, C4<z>; HiZ drive
v000001bd981567b0_0 .net "ICW_4", 0 0, o000001bd981a6938;  0 drivers
o000001bd981a6968 .functor BUFZ 1, C4<z>; HiZ drive
v000001bd9815d770_0 .net "OCW_1", 0 0, o000001bd981a6968;  0 drivers
o000001bd981a6998 .functor BUFZ 1, C4<z>; HiZ drive
v000001bd9815d810_0 .net "OCW_2", 0 0, o000001bd981a6998;  0 drivers
o000001bd981a69c8 .functor BUFZ 1, C4<z>; HiZ drive
v000001bd9815d8b0_0 .net "OCW_3", 0 0, o000001bd981a69c8;  0 drivers
o000001bd981a69f8 .functor BUFZ 8, C4<zzzzzzzz>; HiZ drive
v000001bd9815d950_0 .net "data_in", 7 0, o000001bd981a69f8;  0 drivers
o000001bd981a6a28 .functor BUFZ 8, C4<zzzzzzzz>; HiZ drive
v000001bd9815d9f0_0 .net "internal_bus", 7 0, o000001bd981a6a28;  0 drivers
# The file index is used to find the file name in the following table.
:file_names 3;
    "N/A";
    "<interactive>";
    "Data_Bus_Buffer.v";
