#! /c/Source/iverilog-install/bin/vvp
:ivl_version "12.0 (devel)" "(s20150603-1539-g2693dd32b)";
:ivl_delay_selection "TYPICAL";
:vpi_time_precision + 0;
:vpi_module "C:\iverilog\lib\ivl\system.vpi";
:vpi_module "C:\iverilog\lib\ivl\vhdl_sys.vpi";
:vpi_module "C:\iverilog\lib\ivl\vhdl_textio.vpi";
:vpi_module "C:\iverilog\lib\ivl\v2005_math.vpi";
:vpi_module "C:\iverilog\lib\ivl\va_math.vpi";
S_000001f0cc1d6980 .scope module, "In_Mask_Reg" "In_Mask_Reg" 2 7;
 .timescale 0 0;
    .port_info 0 /INPUT 1 "write_ICW_1";
    .port_info 1 /INPUT 1 "write_OCW_1";
    .port_info 2 /INPUT 8 "Internal_bus_data";
    .port_info 3 /OUTPUT 8 "Interrupt_Mask";
o000001f0cc386fb8 .functor BUFZ 8, C4<zzzzzzzz>; HiZ drive
v000001f0cc1d7010_0 .net "Internal_bus_data", 7 0, o000001f0cc386fb8;  0 drivers
v000001f0cc1def20_0 .var "Interrupt_Mask", 7 0;
o000001f0cc387018 .functor BUFZ 1, C4<z>; HiZ drive
v000001f0cc1d6b10_0 .net "write_ICW_1", 0 0, o000001f0cc387018;  0 drivers
o000001f0cc387048 .functor BUFZ 1, C4<z>; HiZ drive
v000001f0cc1d6bb0_0 .net "write_OCW_1", 0 0, o000001f0cc387048;  0 drivers
E_000001f0cc385600 .event anyedge, v000001f0cc1d6b10_0, v000001f0cc1d6bb0_0, v000001f0cc1d7010_0, v000001f0cc1def20_0;
    .scope S_000001f0cc1d6980;
T_0 ;
    %wait E_000001f0cc385600;
    %load/vec4 v000001f0cc1d6b10_0;
    %cmpi/e 1, 0, 1;
    %jmp/0xz  T_0.0, 4;
    %pushi/vec4 255, 0, 8;
    %assign/vec4 v000001f0cc1def20_0, 0;
    %jmp T_0.1;
T_0.0 ;
    %load/vec4 v000001f0cc1d6bb0_0;
    %cmpi/e 1, 0, 1;
    %jmp/0xz  T_0.2, 4;
    %load/vec4 v000001f0cc1d7010_0;
    %assign/vec4 v000001f0cc1def20_0, 0;
    %jmp T_0.3;
T_0.2 ;
    %load/vec4 v000001f0cc1def20_0;
    %assign/vec4 v000001f0cc1def20_0, 0;
T_0.3 ;
T_0.1 ;
    %jmp T_0;
    .thread T_0, $push;
# The file index is used to find the file name in the following table.
:file_names 3;
    "N/A";
    "<interactive>";
    "In_Mask_Reg.v";
