#! /c/Source/iverilog-install/bin/vvp
:ivl_version "12.0 (devel)" "(s20150603-1539-g2693dd32b)";
:ivl_delay_selection "TYPICAL";
:vpi_time_precision + 0;
:vpi_module "C:\iverilog\lib\ivl\system.vpi";
:vpi_module "C:\iverilog\lib\ivl\vhdl_sys.vpi";
:vpi_module "C:\iverilog\lib\ivl\vhdl_textio.vpi";
:vpi_module "C:\iverilog\lib\ivl\v2005_math.vpi";
:vpi_module "C:\iverilog\lib\ivl\va_math.vpi";
S_000001ee59c06980 .scope module, "In_Service" "In_Service" 2 7;
 .timescale 0 0;
    .port_info 0 /INPUT 3 "rotate";
    .port_info 1 /INPUT 8 "interrupt_from_priorty_resolver";
    .port_info 2 /INPUT 1 "In_Service_flag";
    .port_info 3 /INPUT 8 "EOI";
    .port_info 4 /OUTPUT 8 "in_service_register";
    .port_info 5 /OUTPUT 8 "highest_ISR_bit";
o000001ee59c64158 .functor BUFZ 8, C4<zzzzzzzz>; HiZ drive
L_000001ee59c62850 .functor NOT 8, o000001ee59c64158, C4<00000000>, C4<00000000>, C4<00000000>;
L_000001ee59c620e0 .functor AND 8, v000001ee59cb6630_0, L_000001ee59c62850, C4<11111111>, C4<11111111>;
o000001ee59c64188 .functor BUFZ 1, C4<z>; HiZ drive
L_000001ee59cb7418 .functor BUFT 1, C4<1>, C4<0>, C4<0>, C4<0>;
L_000001ee59c62bd0 .functor XNOR 1, o000001ee59c64188, L_000001ee59cb7418, C4<0>, C4<0>;
L_000001ee59c62310 .functor OR 8, L_000001ee59c620e0, L_000001ee59cb6770, C4<00000000>, C4<00000000>;
v000001ee59cb7030_0 .net "EOI", 7 0, o000001ee59c64158;  0 drivers
v000001ee59cb7210_0 .net "In_Service_flag", 0 0, o000001ee59c64188;  0 drivers
v000001ee59cb64f0_0 .net *"_ivl_0", 7 0, L_000001ee59c62850;  1 drivers
v000001ee59cb6b30_0 .net *"_ivl_10", 7 0, L_000001ee59cb6770;  1 drivers
v000001ee59cb6810_0 .net *"_ivl_2", 7 0, L_000001ee59c620e0;  1 drivers
v000001ee59cb70d0_0 .net/2u *"_ivl_4", 0 0, L_000001ee59cb7418;  1 drivers
v000001ee59cb6590_0 .net *"_ivl_6", 0 0, L_000001ee59c62bd0;  1 drivers
L_000001ee59cb7460 .functor BUFT 1, C4<00000000>, C4<0>, C4<0>, C4<0>;
v000001ee59cb68b0_0 .net/2u *"_ivl_8", 7 0, L_000001ee59cb7460;  1 drivers
v000001ee59cb6c70_0 .var "highest_ISR_bit", 7 0;
v000001ee59cb6630_0 .var "in_service_register", 7 0;
o000001ee59c64338 .functor BUFZ 8, C4<zzzzzzzz>; HiZ drive
v000001ee59cb6d10_0 .net "interrupt_from_priorty_resolver", 7 0, o000001ee59c64338;  0 drivers
v000001ee59cb6db0_0 .var "next_highest_level_in_service", 7 0;
v000001ee59cb7170_0 .net "next_in_service_register", 7 0, L_000001ee59c62310;  1 drivers
o000001ee59c643c8 .functor BUFZ 3, C4<zzz>; HiZ drive
v000001ee59cb72b0_0 .net "rotate", 2 0, o000001ee59c643c8;  0 drivers
E_000001ee59c496b0 .event anyedge, v000001ee59cb6db0_0;
E_000001ee59c48eb0 .event anyedge, v000001ee59cb7170_0, v000001ee59cb6db0_0, v000001ee59cb72b0_0;
E_000001ee59c49470 .event anyedge, v000001ee59cb7170_0;
L_000001ee59cb6770 .functor MUXZ 8, L_000001ee59cb7460, o000001ee59c64338, L_000001ee59c62bd0, C4<>;
S_000001ee59c06b10 .scope function.vec4.s8, "resolv_priority" "resolv_priority" 2 78, 2 78 0, S_000001ee59c06980;
 .timescale 0 0;
v000001ee59c07290_0 .var "request", 7 0;
; Variable resolv_priority is vec4 return value of scope S_000001ee59c06b10
TD_In_Service.resolv_priority ;
    %load/vec4 v000001ee59c07290_0;
    %parti/s 1, 0, 2;
    %cmpi/e 1, 0, 1;
    %jmp/0xz  T_0.0, 4;
    %pushi/vec4 1, 0, 8;
    %ret/vec4 0, 0, 8;  Assign to resolv_priority (store_vec4_to_lval)
    %jmp T_0.1;
T_0.0 ;
    %load/vec4 v000001ee59c07290_0;
    %parti/s 1, 1, 2;
    %cmpi/e 1, 0, 1;
    %jmp/0xz  T_0.2, 4;
    %pushi/vec4 2, 0, 8;
    %ret/vec4 0, 0, 8;  Assign to resolv_priority (store_vec4_to_lval)
    %jmp T_0.3;
T_0.2 ;
    %load/vec4 v000001ee59c07290_0;
    %parti/s 1, 2, 3;
    %cmpi/e 1, 0, 1;
    %jmp/0xz  T_0.4, 4;
    %pushi/vec4 4, 0, 8;
    %ret/vec4 0, 0, 8;  Assign to resolv_priority (store_vec4_to_lval)
    %jmp T_0.5;
T_0.4 ;
    %load/vec4 v000001ee59c07290_0;
    %parti/s 1, 3, 3;
    %cmpi/e 1, 0, 1;
    %jmp/0xz  T_0.6, 4;
    %pushi/vec4 8, 0, 8;
    %ret/vec4 0, 0, 8;  Assign to resolv_priority (store_vec4_to_lval)
    %jmp T_0.7;
T_0.6 ;
    %load/vec4 v000001ee59c07290_0;
    %parti/s 1, 4, 4;
    %cmpi/e 1, 0, 1;
    %jmp/0xz  T_0.8, 4;
    %pushi/vec4 16, 0, 8;
    %ret/vec4 0, 0, 8;  Assign to resolv_priority (store_vec4_to_lval)
    %jmp T_0.9;
T_0.8 ;
    %load/vec4 v000001ee59c07290_0;
    %parti/s 1, 5, 4;
    %cmpi/e 1, 0, 1;
    %jmp/0xz  T_0.10, 4;
    %pushi/vec4 32, 0, 8;
    %ret/vec4 0, 0, 8;  Assign to resolv_priority (store_vec4_to_lval)
    %jmp T_0.11;
T_0.10 ;
    %load/vec4 v000001ee59c07290_0;
    %parti/s 1, 6, 4;
    %cmpi/e 1, 0, 1;
    %jmp/0xz  T_0.12, 4;
    %pushi/vec4 64, 0, 8;
    %ret/vec4 0, 0, 8;  Assign to resolv_priority (store_vec4_to_lval)
    %jmp T_0.13;
T_0.12 ;
    %load/vec4 v000001ee59c07290_0;
    %parti/s 1, 7, 4;
    %cmpi/e 1, 0, 1;
    %jmp/0xz  T_0.14, 4;
    %pushi/vec4 128, 0, 8;
    %ret/vec4 0, 0, 8;  Assign to resolv_priority (store_vec4_to_lval)
    %jmp T_0.15;
T_0.14 ;
    %pushi/vec4 0, 0, 8;
    %ret/vec4 0, 0, 8;  Assign to resolv_priority (store_vec4_to_lval)
T_0.15 ;
T_0.13 ;
T_0.11 ;
T_0.9 ;
T_0.7 ;
T_0.5 ;
T_0.3 ;
T_0.1 ;
    %end;
S_000001ee59cb6040 .scope function.vec4.s8, "rotate_left" "rotate_left" 2 64, 2 64 0, S_000001ee59c06980;
 .timescale 0 0;
v000001ee59c54b40_0 .var "rotate", 2 0;
; Variable rotate_left is vec4 return value of scope S_000001ee59cb6040
v000001ee59cb61d0_0 .var "source", 7 0;
TD_In_Service.rotate_left ;
    %load/vec4 v000001ee59c54b40_0;
    %dup/vec4;
    %pushi/vec4 0, 0, 3;
    %cmp/u;
    %jmp/1 T_1.16, 6;
    %dup/vec4;
    %pushi/vec4 1, 0, 3;
    %cmp/u;
    %jmp/1 T_1.17, 6;
    %dup/vec4;
    %pushi/vec4 2, 0, 3;
    %cmp/u;
    %jmp/1 T_1.18, 6;
    %dup/vec4;
    %pushi/vec4 3, 0, 3;
    %cmp/u;
    %jmp/1 T_1.19, 6;
    %dup/vec4;
    %pushi/vec4 4, 0, 3;
    %cmp/u;
    %jmp/1 T_1.20, 6;
    %dup/vec4;
    %pushi/vec4 5, 0, 3;
    %cmp/u;
    %jmp/1 T_1.21, 6;
    %dup/vec4;
    %pushi/vec4 6, 0, 3;
    %cmp/u;
    %jmp/1 T_1.22, 6;
    %dup/vec4;
    %pushi/vec4 7, 0, 3;
    %cmp/u;
    %jmp/1 T_1.23, 6;
    %load/vec4 v000001ee59cb61d0_0;
    %ret/vec4 0, 0, 8;  Assign to rotate_left (store_vec4_to_lval)
    %jmp T_1.25;
T_1.16 ;
    %load/vec4 v000001ee59cb61d0_0;
    %parti/s 7, 0, 2;
    %load/vec4 v000001ee59cb61d0_0;
    %parti/s 1, 7, 4;
    %concat/vec4; draw_concat_vec4
    %ret/vec4 0, 0, 8;  Assign to rotate_left (store_vec4_to_lval)
    %jmp T_1.25;
T_1.17 ;
    %load/vec4 v000001ee59cb61d0_0;
    %parti/s 6, 0, 2;
    %load/vec4 v000001ee59cb61d0_0;
    %parti/s 2, 6, 4;
    %concat/vec4; draw_concat_vec4
    %ret/vec4 0, 0, 8;  Assign to rotate_left (store_vec4_to_lval)
    %jmp T_1.25;
T_1.18 ;
    %load/vec4 v000001ee59cb61d0_0;
    %parti/s 5, 0, 2;
    %load/vec4 v000001ee59cb61d0_0;
    %parti/s 3, 5, 4;
    %concat/vec4; draw_concat_vec4
    %ret/vec4 0, 0, 8;  Assign to rotate_left (store_vec4_to_lval)
    %jmp T_1.25;
T_1.19 ;
    %load/vec4 v000001ee59cb61d0_0;
    %parti/s 4, 0, 2;
    %load/vec4 v000001ee59cb61d0_0;
    %parti/s 4, 4, 4;
    %concat/vec4; draw_concat_vec4
    %ret/vec4 0, 0, 8;  Assign to rotate_left (store_vec4_to_lval)
    %jmp T_1.25;
T_1.20 ;
    %load/vec4 v000001ee59cb61d0_0;
    %parti/s 3, 0, 2;
    %load/vec4 v000001ee59cb61d0_0;
    %parti/s 5, 3, 3;
    %concat/vec4; draw_concat_vec4
    %ret/vec4 0, 0, 8;  Assign to rotate_left (store_vec4_to_lval)
    %jmp T_1.25;
T_1.21 ;
    %load/vec4 v000001ee59cb61d0_0;
    %parti/s 2, 0, 2;
    %load/vec4 v000001ee59cb61d0_0;
    %parti/s 6, 2, 3;
    %concat/vec4; draw_concat_vec4
    %ret/vec4 0, 0, 8;  Assign to rotate_left (store_vec4_to_lval)
    %jmp T_1.25;
T_1.22 ;
    %load/vec4 v000001ee59cb61d0_0;
    %parti/s 1, 0, 2;
    %load/vec4 v000001ee59cb61d0_0;
    %parti/s 7, 1, 2;
    %concat/vec4; draw_concat_vec4
    %ret/vec4 0, 0, 8;  Assign to rotate_left (store_vec4_to_lval)
    %jmp T_1.25;
T_1.23 ;
    %load/vec4 v000001ee59cb61d0_0;
    %ret/vec4 0, 0, 8;  Assign to rotate_left (store_vec4_to_lval)
    %jmp T_1.25;
T_1.25 ;
    %pop/vec4 1;
    %end;
S_000001ee59cb6270 .scope function.vec4.s8, "rotate_right" "rotate_right" 2 50, 2 50 0, S_000001ee59c06980;
 .timescale 0 0;
v000001ee59cb6bd0_0 .var "rotate", 2 0;
; Variable rotate_right is vec4 return value of scope S_000001ee59cb6270
v000001ee59cb6f90_0 .var "source", 7 0;
TD_In_Service.rotate_right ;
    %load/vec4 v000001ee59cb6bd0_0;
    %dup/vec4;
    %pushi/vec4 0, 0, 3;
    %cmp/u;
    %jmp/1 T_2.26, 6;
    %dup/vec4;
    %pushi/vec4 1, 0, 3;
    %cmp/u;
    %jmp/1 T_2.27, 6;
    %dup/vec4;
    %pushi/vec4 2, 0, 3;
    %cmp/u;
    %jmp/1 T_2.28, 6;
    %dup/vec4;
    %pushi/vec4 3, 0, 3;
    %cmp/u;
    %jmp/1 T_2.29, 6;
    %dup/vec4;
    %pushi/vec4 4, 0, 3;
    %cmp/u;
    %jmp/1 T_2.30, 6;
    %dup/vec4;
    %pushi/vec4 5, 0, 3;
    %cmp/u;
    %jmp/1 T_2.31, 6;
    %dup/vec4;
    %pushi/vec4 6, 0, 3;
    %cmp/u;
    %jmp/1 T_2.32, 6;
    %dup/vec4;
    %pushi/vec4 7, 0, 3;
    %cmp/u;
    %jmp/1 T_2.33, 6;
    %load/vec4 v000001ee59cb6f90_0;
    %ret/vec4 0, 0, 8;  Assign to rotate_right (store_vec4_to_lval)
    %jmp T_2.35;
T_2.26 ;
    %load/vec4 v000001ee59cb6f90_0;
    %parti/s 1, 0, 2;
    %load/vec4 v000001ee59cb6f90_0;
    %parti/s 7, 1, 2;
    %concat/vec4; draw_concat_vec4
    %ret/vec4 0, 0, 8;  Assign to rotate_right (store_vec4_to_lval)
    %jmp T_2.35;
T_2.27 ;
    %load/vec4 v000001ee59cb6f90_0;
    %parti/s 2, 0, 2;
    %load/vec4 v000001ee59cb6f90_0;
    %parti/s 6, 2, 3;
    %concat/vec4; draw_concat_vec4
    %ret/vec4 0, 0, 8;  Assign to rotate_right (store_vec4_to_lval)
    %jmp T_2.35;
T_2.28 ;
    %load/vec4 v000001ee59cb6f90_0;
    %parti/s 3, 0, 2;
    %load/vec4 v000001ee59cb6f90_0;
    %parti/s 5, 3, 3;
    %concat/vec4; draw_concat_vec4
    %ret/vec4 0, 0, 8;  Assign to rotate_right (store_vec4_to_lval)
    %jmp T_2.35;
T_2.29 ;
    %load/vec4 v000001ee59cb6f90_0;
    %parti/s 4, 0, 2;
    %load/vec4 v000001ee59cb6f90_0;
    %parti/s 4, 4, 4;
    %concat/vec4; draw_concat_vec4
    %ret/vec4 0, 0, 8;  Assign to rotate_right (store_vec4_to_lval)
    %jmp T_2.35;
T_2.30 ;
    %load/vec4 v000001ee59cb6f90_0;
    %parti/s 5, 0, 2;
    %load/vec4 v000001ee59cb6f90_0;
    %parti/s 3, 5, 4;
    %concat/vec4; draw_concat_vec4
    %ret/vec4 0, 0, 8;  Assign to rotate_right (store_vec4_to_lval)
    %jmp T_2.35;
T_2.31 ;
    %load/vec4 v000001ee59cb6f90_0;
    %parti/s 6, 0, 2;
    %load/vec4 v000001ee59cb6f90_0;
    %parti/s 2, 6, 4;
    %concat/vec4; draw_concat_vec4
    %ret/vec4 0, 0, 8;  Assign to rotate_right (store_vec4_to_lval)
    %jmp T_2.35;
T_2.32 ;
    %load/vec4 v000001ee59cb6f90_0;
    %parti/s 7, 0, 2;
    %load/vec4 v000001ee59cb6f90_0;
    %parti/s 1, 7, 4;
    %concat/vec4; draw_concat_vec4
    %ret/vec4 0, 0, 8;  Assign to rotate_right (store_vec4_to_lval)
    %jmp T_2.35;
T_2.33 ;
    %load/vec4 v000001ee59cb6f90_0;
    %ret/vec4 0, 0, 8;  Assign to rotate_right (store_vec4_to_lval)
    %jmp T_2.35;
T_2.35 ;
    %pop/vec4 1;
    %end;
    .scope S_000001ee59c06980;
T_3 ;
    %wait E_000001ee59c49470;
    %load/vec4 v000001ee59cb7170_0;
    %assign/vec4 v000001ee59cb6630_0, 0;
    %jmp T_3;
    .thread T_3, $push;
    .scope S_000001ee59c06980;
T_4 ;
    %wait E_000001ee59c48eb0;
    %load/vec4 v000001ee59cb7170_0;
    %store/vec4 v000001ee59cb6db0_0, 0, 8;
    %load/vec4 v000001ee59cb6db0_0;
    %load/vec4 v000001ee59cb72b0_0;
    %store/vec4 v000001ee59cb6bd0_0, 0, 3;
    %store/vec4 v000001ee59cb6f90_0, 0, 8;
    %callf/vec4 TD_In_Service.rotate_right, S_000001ee59cb6270;
    %store/vec4 v000001ee59cb6db0_0, 0, 8;
    %load/vec4 v000001ee59cb6db0_0;
    %store/vec4 v000001ee59c07290_0, 0, 8;
    %callf/vec4 TD_In_Service.resolv_priority, S_000001ee59c06b10;
    %store/vec4 v000001ee59cb6db0_0, 0, 8;
    %load/vec4 v000001ee59cb6db0_0;
    %load/vec4 v000001ee59cb72b0_0;
    %store/vec4 v000001ee59c54b40_0, 0, 3;
    %store/vec4 v000001ee59cb61d0_0, 0, 8;
    %callf/vec4 TD_In_Service.rotate_left, S_000001ee59cb6040;
    %store/vec4 v000001ee59cb6db0_0, 0, 8;
    %jmp T_4;
    .thread T_4, $push;
    .scope S_000001ee59c06980;
T_5 ;
    %wait E_000001ee59c496b0;
    %load/vec4 v000001ee59cb6db0_0;
    %assign/vec4 v000001ee59cb6c70_0, 0;
    %jmp T_5;
    .thread T_5, $push;
# The file index is used to find the file name in the following table.
:file_names 3;
    "N/A";
    "<interactive>";
    "In_Service.v";
