#! /c/Source/iverilog-install/bin/vvp
:ivl_version "12.0 (devel)" "(s20150603-1539-g2693dd32b)";
:ivl_delay_selection "TYPICAL";
:vpi_time_precision + 0;
:vpi_module "C:\iverilog\lib\ivl\system.vpi";
:vpi_module "C:\iverilog\lib\ivl\vhdl_sys.vpi";
:vpi_module "C:\iverilog\lib\ivl\vhdl_textio.vpi";
:vpi_module "C:\iverilog\lib\ivl\v2005_math.vpi";
:vpi_module "C:\iverilog\lib\ivl\va_math.vpi";
S_000001ef9a5a6870 .scope module, "Interrupt_Reguest" "Interrupt_Reguest" 2 7;
 .timescale 0 0;
    .port_info 0 /INPUT 1 "Level_OR_Edge_trigger";
    .port_info 1 /INPUT 8 "Int_Req_Pins";
    .port_info 2 /OUTPUT 8 "Int_Req_Reg";
P_000001ef9a5a7160 .param/l "edgeconfig" 1 2 13, C4<0>;
P_000001ef9a5a7198 .param/l "levelconfig" 1 2 14, C4<1>;
o000001ef9a4a6f98 .functor BUFZ 8, C4<zzzzzzzz>; HiZ drive
v000001ef9a4a0570_0 .net "Int_Req_Pins", 7 0, o000001ef9a4a6f98;  0 drivers
v000001ef9a49ec40_0 .var "Int_Req_Reg", 7 0;
o000001ef9a4a6ff8 .functor BUFZ 1, C4<z>; HiZ drive
v000001ef9a49db20_0 .net "Level_OR_Edge_trigger", 0 0, o000001ef9a4a6ff8;  0 drivers
v000001ef9a49b9f0_0 .var "prev_Int_req_pins", 7 0;
S_000001ef9a5a6a00 .scope generate, "genblk1[0]" "genblk1[0]" 2 20, 2 20 0, S_000001ef9a5a6870;
 .timescale 0 0;
P_000001ef9a4a2370 .param/l "ir_bit_no" 0 2 20, +C4<00>;
E_000001ef9a4a2170 .event anyedge, v000001ef9a4a0570_0;
S_000001ef9a4a3bd0 .scope generate, "genblk1[1]" "genblk1[1]" 2 20, 2 20 0, S_000001ef9a5a6870;
 .timescale 0 0;
P_000001ef9a4a21b0 .param/l "ir_bit_no" 0 2 20, +C4<01>;
S_000001ef9a4a3d60 .scope generate, "genblk1[2]" "genblk1[2]" 2 20, 2 20 0, S_000001ef9a5a6870;
 .timescale 0 0;
P_000001ef9a4a2930 .param/l "ir_bit_no" 0 2 20, +C4<010>;
S_000001ef9a4a3ef0 .scope generate, "genblk1[3]" "genblk1[3]" 2 20, 2 20 0, S_000001ef9a5a6870;
 .timescale 0 0;
P_000001ef9a4a1c30 .param/l "ir_bit_no" 0 2 20, +C4<011>;
S_000001ef9a4a4080 .scope generate, "genblk1[4]" "genblk1[4]" 2 20, 2 20 0, S_000001ef9a5a6870;
 .timescale 0 0;
P_000001ef9a4a21f0 .param/l "ir_bit_no" 0 2 20, +C4<0100>;
S_000001ef9a4a4210 .scope generate, "genblk1[5]" "genblk1[5]" 2 20, 2 20 0, S_000001ef9a5a6870;
 .timescale 0 0;
P_000001ef9a4a2770 .param/l "ir_bit_no" 0 2 20, +C4<0101>;
S_000001ef9a4a43a0 .scope generate, "genblk1[6]" "genblk1[6]" 2 20, 2 20 0, S_000001ef9a5a6870;
 .timescale 0 0;
P_000001ef9a4a1ef0 .param/l "ir_bit_no" 0 2 20, +C4<0110>;
S_000001ef9a4a4530 .scope generate, "genblk1[7]" "genblk1[7]" 2 20, 2 20 0, S_000001ef9a5a6870;
 .timescale 0 0;
P_000001ef9a4a1eb0 .param/l "ir_bit_no" 0 2 20, +C4<0111>;
    .scope S_000001ef9a5a6a00;
T_0 ;
    %wait E_000001ef9a4a2170;
    %load/vec4 v000001ef9a49db20_0;
    %dup/vec4;
    %pushi/vec4 0, 0, 1;
    %cmp/u;
    %jmp/1 T_0.0, 6;
    %dup/vec4;
    %pushi/vec4 1, 0, 1;
    %cmp/u;
    %jmp/1 T_0.1, 6;
    %jmp T_0.2;
T_0.0 ;
    %load/vec4 v000001ef9a49b9f0_0;
    %parti/s 1, 0, 2;
    %nor/r;
    %load/vec4 v000001ef9a4a0570_0;
    %parti/s 1, 0, 2;
    %and;
    %flag_set/vec4 8;
    %jmp/0xz  T_0.3, 8;
    %load/vec4 v000001ef9a4a0570_0;
    %parti/s 1, 0, 2;
    %ix/load 4, 0, 0;
    %ix/load 5, 0, 0;
    %flag_set/imm 4, 0;
    %assign/vec4/off/d v000001ef9a49ec40_0, 4, 5;
    %jmp T_0.4;
T_0.3 ;
    %load/vec4 v000001ef9a4a0570_0;
    %parti/s 1, 0, 2;
    %ix/load 4, 0, 0;
    %ix/load 5, 0, 0;
    %flag_set/imm 4, 0;
    %assign/vec4/off/d v000001ef9a49b9f0_0, 4, 5;
T_0.4 ;
    %jmp T_0.2;
T_0.1 ;
    %load/vec4 v000001ef9a4a0570_0;
    %parti/s 1, 0, 2;
    %cmpi/e 1, 0, 1;
    %jmp/1 T_0.7, 4;
    %flag_mov 8, 4;
    %load/vec4 v000001ef9a4a0570_0;
    %parti/s 1, 0, 2;
    %cmpi/e 0, 0, 1;
    %flag_or 4, 8;
T_0.7;
    %jmp/0xz  T_0.5, 4;
    %load/vec4 v000001ef9a4a0570_0;
    %parti/s 1, 0, 2;
    %ix/load 4, 0, 0;
    %ix/load 5, 0, 0;
    %flag_set/imm 4, 0;
    %assign/vec4/off/d v000001ef9a49ec40_0, 4, 5;
    %jmp T_0.6;
T_0.5 ;
    %load/vec4 v000001ef9a49ec40_0;
    %parti/s 1, 0, 2;
    %ix/load 4, 0, 0;
    %ix/load 5, 0, 0;
    %flag_set/imm 4, 0;
    %assign/vec4/off/d v000001ef9a49ec40_0, 4, 5;
T_0.6 ;
    %jmp T_0.2;
T_0.2 ;
    %pop/vec4 1;
    %jmp T_0;
    .thread T_0, $push;
    .scope S_000001ef9a4a3bd0;
T_1 ;
    %wait E_000001ef9a4a2170;
    %load/vec4 v000001ef9a49db20_0;
    %dup/vec4;
    %pushi/vec4 0, 0, 1;
    %cmp/u;
    %jmp/1 T_1.0, 6;
    %dup/vec4;
    %pushi/vec4 1, 0, 1;
    %cmp/u;
    %jmp/1 T_1.1, 6;
    %jmp T_1.2;
T_1.0 ;
    %load/vec4 v000001ef9a49b9f0_0;
    %parti/s 1, 1, 2;
    %nor/r;
    %load/vec4 v000001ef9a4a0570_0;
    %parti/s 1, 1, 2;
    %and;
    %flag_set/vec4 8;
    %jmp/0xz  T_1.3, 8;
    %load/vec4 v000001ef9a4a0570_0;
    %parti/s 1, 1, 2;
    %ix/load 4, 1, 0;
    %ix/load 5, 0, 0;
    %flag_set/imm 4, 0;
    %assign/vec4/off/d v000001ef9a49ec40_0, 4, 5;
    %jmp T_1.4;
T_1.3 ;
    %load/vec4 v000001ef9a4a0570_0;
    %parti/s 1, 1, 2;
    %ix/load 4, 1, 0;
    %ix/load 5, 0, 0;
    %flag_set/imm 4, 0;
    %assign/vec4/off/d v000001ef9a49b9f0_0, 4, 5;
T_1.4 ;
    %jmp T_1.2;
T_1.1 ;
    %load/vec4 v000001ef9a4a0570_0;
    %parti/s 1, 1, 2;
    %cmpi/e 1, 0, 1;
    %jmp/1 T_1.7, 4;
    %flag_mov 8, 4;
    %load/vec4 v000001ef9a4a0570_0;
    %parti/s 1, 1, 2;
    %cmpi/e 0, 0, 1;
    %flag_or 4, 8;
T_1.7;
    %jmp/0xz  T_1.5, 4;
    %load/vec4 v000001ef9a4a0570_0;
    %parti/s 1, 1, 2;
    %ix/load 4, 1, 0;
    %ix/load 5, 0, 0;
    %flag_set/imm 4, 0;
    %assign/vec4/off/d v000001ef9a49ec40_0, 4, 5;
    %jmp T_1.6;
T_1.5 ;
    %load/vec4 v000001ef9a49ec40_0;
    %parti/s 1, 1, 2;
    %ix/load 4, 1, 0;
    %ix/load 5, 0, 0;
    %flag_set/imm 4, 0;
    %assign/vec4/off/d v000001ef9a49ec40_0, 4, 5;
T_1.6 ;
    %jmp T_1.2;
T_1.2 ;
    %pop/vec4 1;
    %jmp T_1;
    .thread T_1, $push;
    .scope S_000001ef9a4a3d60;
T_2 ;
    %wait E_000001ef9a4a2170;
    %load/vec4 v000001ef9a49db20_0;
    %dup/vec4;
    %pushi/vec4 0, 0, 1;
    %cmp/u;
    %jmp/1 T_2.0, 6;
    %dup/vec4;
    %pushi/vec4 1, 0, 1;
    %cmp/u;
    %jmp/1 T_2.1, 6;
    %jmp T_2.2;
T_2.0 ;
    %load/vec4 v000001ef9a49b9f0_0;
    %parti/s 1, 2, 3;
    %nor/r;
    %load/vec4 v000001ef9a4a0570_0;
    %parti/s 1, 2, 3;
    %and;
    %flag_set/vec4 8;
    %jmp/0xz  T_2.3, 8;
    %load/vec4 v000001ef9a4a0570_0;
    %parti/s 1, 2, 3;
    %ix/load 4, 2, 0;
    %ix/load 5, 0, 0;
    %flag_set/imm 4, 0;
    %assign/vec4/off/d v000001ef9a49ec40_0, 4, 5;
    %jmp T_2.4;
T_2.3 ;
    %load/vec4 v000001ef9a4a0570_0;
    %parti/s 1, 2, 3;
    %ix/load 4, 2, 0;
    %ix/load 5, 0, 0;
    %flag_set/imm 4, 0;
    %assign/vec4/off/d v000001ef9a49b9f0_0, 4, 5;
T_2.4 ;
    %jmp T_2.2;
T_2.1 ;
    %load/vec4 v000001ef9a4a0570_0;
    %parti/s 1, 2, 3;
    %cmpi/e 1, 0, 1;
    %jmp/1 T_2.7, 4;
    %flag_mov 8, 4;
    %load/vec4 v000001ef9a4a0570_0;
    %parti/s 1, 2, 3;
    %cmpi/e 0, 0, 1;
    %flag_or 4, 8;
T_2.7;
    %jmp/0xz  T_2.5, 4;
    %load/vec4 v000001ef9a4a0570_0;
    %parti/s 1, 2, 3;
    %ix/load 4, 2, 0;
    %ix/load 5, 0, 0;
    %flag_set/imm 4, 0;
    %assign/vec4/off/d v000001ef9a49ec40_0, 4, 5;
    %jmp T_2.6;
T_2.5 ;
    %load/vec4 v000001ef9a49ec40_0;
    %parti/s 1, 2, 3;
    %ix/load 4, 2, 0;
    %ix/load 5, 0, 0;
    %flag_set/imm 4, 0;
    %assign/vec4/off/d v000001ef9a49ec40_0, 4, 5;
T_2.6 ;
    %jmp T_2.2;
T_2.2 ;
    %pop/vec4 1;
    %jmp T_2;
    .thread T_2, $push;
    .scope S_000001ef9a4a3ef0;
T_3 ;
    %wait E_000001ef9a4a2170;
    %load/vec4 v000001ef9a49db20_0;
    %dup/vec4;
    %pushi/vec4 0, 0, 1;
    %cmp/u;
    %jmp/1 T_3.0, 6;
    %dup/vec4;
    %pushi/vec4 1, 0, 1;
    %cmp/u;
    %jmp/1 T_3.1, 6;
    %jmp T_3.2;
T_3.0 ;
    %load/vec4 v000001ef9a49b9f0_0;
    %parti/s 1, 3, 3;
    %nor/r;
    %load/vec4 v000001ef9a4a0570_0;
    %parti/s 1, 3, 3;
    %and;
    %flag_set/vec4 8;
    %jmp/0xz  T_3.3, 8;
    %load/vec4 v000001ef9a4a0570_0;
    %parti/s 1, 3, 3;
    %ix/load 4, 3, 0;
    %ix/load 5, 0, 0;
    %flag_set/imm 4, 0;
    %assign/vec4/off/d v000001ef9a49ec40_0, 4, 5;
    %jmp T_3.4;
T_3.3 ;
    %load/vec4 v000001ef9a4a0570_0;
    %parti/s 1, 3, 3;
    %ix/load 4, 3, 0;
    %ix/load 5, 0, 0;
    %flag_set/imm 4, 0;
    %assign/vec4/off/d v000001ef9a49b9f0_0, 4, 5;
T_3.4 ;
    %jmp T_3.2;
T_3.1 ;
    %load/vec4 v000001ef9a4a0570_0;
    %parti/s 1, 3, 3;
    %cmpi/e 1, 0, 1;
    %jmp/1 T_3.7, 4;
    %flag_mov 8, 4;
    %load/vec4 v000001ef9a4a0570_0;
    %parti/s 1, 3, 3;
    %cmpi/e 0, 0, 1;
    %flag_or 4, 8;
T_3.7;
    %jmp/0xz  T_3.5, 4;
    %load/vec4 v000001ef9a4a0570_0;
    %parti/s 1, 3, 3;
    %ix/load 4, 3, 0;
    %ix/load 5, 0, 0;
    %flag_set/imm 4, 0;
    %assign/vec4/off/d v000001ef9a49ec40_0, 4, 5;
    %jmp T_3.6;
T_3.5 ;
    %load/vec4 v000001ef9a49ec40_0;
    %parti/s 1, 3, 3;
    %ix/load 4, 3, 0;
    %ix/load 5, 0, 0;
    %flag_set/imm 4, 0;
    %assign/vec4/off/d v000001ef9a49ec40_0, 4, 5;
T_3.6 ;
    %jmp T_3.2;
T_3.2 ;
    %pop/vec4 1;
    %jmp T_3;
    .thread T_3, $push;
    .scope S_000001ef9a4a4080;
T_4 ;
    %wait E_000001ef9a4a2170;
    %load/vec4 v000001ef9a49db20_0;
    %dup/vec4;
    %pushi/vec4 0, 0, 1;
    %cmp/u;
    %jmp/1 T_4.0, 6;
    %dup/vec4;
    %pushi/vec4 1, 0, 1;
    %cmp/u;
    %jmp/1 T_4.1, 6;
    %jmp T_4.2;
T_4.0 ;
    %load/vec4 v000001ef9a49b9f0_0;
    %parti/s 1, 4, 4;
    %nor/r;
    %load/vec4 v000001ef9a4a0570_0;
    %parti/s 1, 4, 4;
    %and;
    %flag_set/vec4 8;
    %jmp/0xz  T_4.3, 8;
    %load/vec4 v000001ef9a4a0570_0;
    %parti/s 1, 4, 4;
    %ix/load 4, 4, 0;
    %ix/load 5, 0, 0;
    %flag_set/imm 4, 0;
    %assign/vec4/off/d v000001ef9a49ec40_0, 4, 5;
    %jmp T_4.4;
T_4.3 ;
    %load/vec4 v000001ef9a4a0570_0;
    %parti/s 1, 4, 4;
    %ix/load 4, 4, 0;
    %ix/load 5, 0, 0;
    %flag_set/imm 4, 0;
    %assign/vec4/off/d v000001ef9a49b9f0_0, 4, 5;
T_4.4 ;
    %jmp T_4.2;
T_4.1 ;
    %load/vec4 v000001ef9a4a0570_0;
    %parti/s 1, 4, 4;
    %cmpi/e 1, 0, 1;
    %jmp/1 T_4.7, 4;
    %flag_mov 8, 4;
    %load/vec4 v000001ef9a4a0570_0;
    %parti/s 1, 4, 4;
    %cmpi/e 0, 0, 1;
    %flag_or 4, 8;
T_4.7;
    %jmp/0xz  T_4.5, 4;
    %load/vec4 v000001ef9a4a0570_0;
    %parti/s 1, 4, 4;
    %ix/load 4, 4, 0;
    %ix/load 5, 0, 0;
    %flag_set/imm 4, 0;
    %assign/vec4/off/d v000001ef9a49ec40_0, 4, 5;
    %jmp T_4.6;
T_4.5 ;
    %load/vec4 v000001ef9a49ec40_0;
    %parti/s 1, 4, 4;
    %ix/load 4, 4, 0;
    %ix/load 5, 0, 0;
    %flag_set/imm 4, 0;
    %assign/vec4/off/d v000001ef9a49ec40_0, 4, 5;
T_4.6 ;
    %jmp T_4.2;
T_4.2 ;
    %pop/vec4 1;
    %jmp T_4;
    .thread T_4, $push;
    .scope S_000001ef9a4a4210;
T_5 ;
    %wait E_000001ef9a4a2170;
    %load/vec4 v000001ef9a49db20_0;
    %dup/vec4;
    %pushi/vec4 0, 0, 1;
    %cmp/u;
    %jmp/1 T_5.0, 6;
    %dup/vec4;
    %pushi/vec4 1, 0, 1;
    %cmp/u;
    %jmp/1 T_5.1, 6;
    %jmp T_5.2;
T_5.0 ;
    %load/vec4 v000001ef9a49b9f0_0;
    %parti/s 1, 5, 4;
    %nor/r;
    %load/vec4 v000001ef9a4a0570_0;
    %parti/s 1, 5, 4;
    %and;
    %flag_set/vec4 8;
    %jmp/0xz  T_5.3, 8;
    %load/vec4 v000001ef9a4a0570_0;
    %parti/s 1, 5, 4;
    %ix/load 4, 5, 0;
    %ix/load 5, 0, 0;
    %flag_set/imm 4, 0;
    %assign/vec4/off/d v000001ef9a49ec40_0, 4, 5;
    %jmp T_5.4;
T_5.3 ;
    %load/vec4 v000001ef9a4a0570_0;
    %parti/s 1, 5, 4;
    %ix/load 4, 5, 0;
    %ix/load 5, 0, 0;
    %flag_set/imm 4, 0;
    %assign/vec4/off/d v000001ef9a49b9f0_0, 4, 5;
T_5.4 ;
    %jmp T_5.2;
T_5.1 ;
    %load/vec4 v000001ef9a4a0570_0;
    %parti/s 1, 5, 4;
    %cmpi/e 1, 0, 1;
    %jmp/1 T_5.7, 4;
    %flag_mov 8, 4;
    %load/vec4 v000001ef9a4a0570_0;
    %parti/s 1, 5, 4;
    %cmpi/e 0, 0, 1;
    %flag_or 4, 8;
T_5.7;
    %jmp/0xz  T_5.5, 4;
    %load/vec4 v000001ef9a4a0570_0;
    %parti/s 1, 5, 4;
    %ix/load 4, 5, 0;
    %ix/load 5, 0, 0;
    %flag_set/imm 4, 0;
    %assign/vec4/off/d v000001ef9a49ec40_0, 4, 5;
    %jmp T_5.6;
T_5.5 ;
    %load/vec4 v000001ef9a49ec40_0;
    %parti/s 1, 5, 4;
    %ix/load 4, 5, 0;
    %ix/load 5, 0, 0;
    %flag_set/imm 4, 0;
    %assign/vec4/off/d v000001ef9a49ec40_0, 4, 5;
T_5.6 ;
    %jmp T_5.2;
T_5.2 ;
    %pop/vec4 1;
    %jmp T_5;
    .thread T_5, $push;
    .scope S_000001ef9a4a43a0;
T_6 ;
    %wait E_000001ef9a4a2170;
    %load/vec4 v000001ef9a49db20_0;
    %dup/vec4;
    %pushi/vec4 0, 0, 1;
    %cmp/u;
    %jmp/1 T_6.0, 6;
    %dup/vec4;
    %pushi/vec4 1, 0, 1;
    %cmp/u;
    %jmp/1 T_6.1, 6;
    %jmp T_6.2;
T_6.0 ;
    %load/vec4 v000001ef9a49b9f0_0;
    %parti/s 1, 6, 4;
    %nor/r;
    %load/vec4 v000001ef9a4a0570_0;
    %parti/s 1, 6, 4;
    %and;
    %flag_set/vec4 8;
    %jmp/0xz  T_6.3, 8;
    %load/vec4 v000001ef9a4a0570_0;
    %parti/s 1, 6, 4;
    %ix/load 4, 6, 0;
    %ix/load 5, 0, 0;
    %flag_set/imm 4, 0;
    %assign/vec4/off/d v000001ef9a49ec40_0, 4, 5;
    %jmp T_6.4;
T_6.3 ;
    %load/vec4 v000001ef9a4a0570_0;
    %parti/s 1, 6, 4;
    %ix/load 4, 6, 0;
    %ix/load 5, 0, 0;
    %flag_set/imm 4, 0;
    %assign/vec4/off/d v000001ef9a49b9f0_0, 4, 5;
T_6.4 ;
    %jmp T_6.2;
T_6.1 ;
    %load/vec4 v000001ef9a4a0570_0;
    %parti/s 1, 6, 4;
    %cmpi/e 1, 0, 1;
    %jmp/1 T_6.7, 4;
    %flag_mov 8, 4;
    %load/vec4 v000001ef9a4a0570_0;
    %parti/s 1, 6, 4;
    %cmpi/e 0, 0, 1;
    %flag_or 4, 8;
T_6.7;
    %jmp/0xz  T_6.5, 4;
    %load/vec4 v000001ef9a4a0570_0;
    %parti/s 1, 6, 4;
    %ix/load 4, 6, 0;
    %ix/load 5, 0, 0;
    %flag_set/imm 4, 0;
    %assign/vec4/off/d v000001ef9a49ec40_0, 4, 5;
    %jmp T_6.6;
T_6.5 ;
    %load/vec4 v000001ef9a49ec40_0;
    %parti/s 1, 6, 4;
    %ix/load 4, 6, 0;
    %ix/load 5, 0, 0;
    %flag_set/imm 4, 0;
    %assign/vec4/off/d v000001ef9a49ec40_0, 4, 5;
T_6.6 ;
    %jmp T_6.2;
T_6.2 ;
    %pop/vec4 1;
    %jmp T_6;
    .thread T_6, $push;
    .scope S_000001ef9a4a4530;
T_7 ;
    %wait E_000001ef9a4a2170;
    %load/vec4 v000001ef9a49db20_0;
    %dup/vec4;
    %pushi/vec4 0, 0, 1;
    %cmp/u;
    %jmp/1 T_7.0, 6;
    %dup/vec4;
    %pushi/vec4 1, 0, 1;
    %cmp/u;
    %jmp/1 T_7.1, 6;
    %jmp T_7.2;
T_7.0 ;
    %load/vec4 v000001ef9a49b9f0_0;
    %parti/s 1, 7, 4;
    %nor/r;
    %load/vec4 v000001ef9a4a0570_0;
    %parti/s 1, 7, 4;
    %and;
    %flag_set/vec4 8;
    %jmp/0xz  T_7.3, 8;
    %load/vec4 v000001ef9a4a0570_0;
    %parti/s 1, 7, 4;
    %ix/load 4, 7, 0;
    %ix/load 5, 0, 0;
    %flag_set/imm 4, 0;
    %assign/vec4/off/d v000001ef9a49ec40_0, 4, 5;
    %jmp T_7.4;
T_7.3 ;
    %load/vec4 v000001ef9a4a0570_0;
    %parti/s 1, 7, 4;
    %ix/load 4, 7, 0;
    %ix/load 5, 0, 0;
    %flag_set/imm 4, 0;
    %assign/vec4/off/d v000001ef9a49b9f0_0, 4, 5;
T_7.4 ;
    %jmp T_7.2;
T_7.1 ;
    %load/vec4 v000001ef9a4a0570_0;
    %parti/s 1, 7, 4;
    %cmpi/e 1, 0, 1;
    %jmp/1 T_7.7, 4;
    %flag_mov 8, 4;
    %load/vec4 v000001ef9a4a0570_0;
    %parti/s 1, 7, 4;
    %cmpi/e 0, 0, 1;
    %flag_or 4, 8;
T_7.7;
    %jmp/0xz  T_7.5, 4;
    %load/vec4 v000001ef9a4a0570_0;
    %parti/s 1, 7, 4;
    %ix/load 4, 7, 0;
    %ix/load 5, 0, 0;
    %flag_set/imm 4, 0;
    %assign/vec4/off/d v000001ef9a49ec40_0, 4, 5;
    %jmp T_7.6;
T_7.5 ;
    %load/vec4 v000001ef9a49ec40_0;
    %parti/s 1, 7, 4;
    %ix/load 4, 7, 0;
    %ix/load 5, 0, 0;
    %flag_set/imm 4, 0;
    %assign/vec4/off/d v000001ef9a49ec40_0, 4, 5;
T_7.6 ;
    %jmp T_7.2;
T_7.2 ;
    %pop/vec4 1;
    %jmp T_7;
    .thread T_7, $push;
# The file index is used to find the file name in the following table.
:file_names 3;
    "N/A";
    "<interactive>";
    "Interrupt_Request.v";
